Determining if the pthread_create exist failed with the following output:
Change Dir: /home/mech-user/mechatro_ws/build/catkin_tools_prebuild/CMakeFiles/CMakeTmp

Run Build Command:"/usr/bin/make" "cmTC_39022/fast"
/usr/bin/make -f CMakeFiles/cmTC_39022.dir/build.make CMakeFiles/cmTC_39022.dir/build
make[1]: ディレクトリ '/home/mech-user/mechatro_ws/build/catkin_tools_prebuild/CMakeFiles/CMakeTmp' に入ります
Building C object CMakeFiles/cmTC_39022.dir/CheckSymbolExists.c.o
/usr/bin/cc    -o CMakeFiles/cmTC_39022.dir/CheckSymbolExists.c.o   -c /home/mech-user/mechatro_ws/build/catkin_tools_prebuild/CMakeFiles/CMakeTmp/CheckSymbolExists.c
Linking C executable cmTC_39022
/usr/bin/cmake -E cmake_link_script CMakeFiles/cmTC_39022.dir/link.txt --verbose=1
/usr/bin/cc      -rdynamic CMakeFiles/cmTC_39022.dir/CheckSymbolExists.c.o  -o cmTC_39022 
CMakeFiles/cmTC_39022.dir/CheckSymbolExists.c.o: 関数 `main' 内:
CheckSymbolExists.c:(.text+0x1b): `pthread_create' に対する定義されていない参照です
collect2: error: ld returned 1 exit status
CMakeFiles/cmTC_39022.dir/build.make:97: recipe for target 'cmTC_39022' failed
make[1]: *** [cmTC_39022] Error 1
make[1]: ディレクトリ '/home/mech-user/mechatro_ws/build/catkin_tools_prebuild/CMakeFiles/CMakeTmp' から出ます
Makefile:126: recipe for target 'cmTC_39022/fast' failed
make: *** [cmTC_39022/fast] Error 2

File /home/mech-user/mechatro_ws/build/catkin_tools_prebuild/CMakeFiles/CMakeTmp/CheckSymbolExists.c:
/* */
#include <pthread.h>

int main(int argc, char** argv)
{
  (void)argv;
#ifndef pthread_create
  return ((int*)(&pthread_create))[argc];
#else
  (void)argc;
  return 0;
#endif
}

Determining if the function pthread_create exists in the pthreads failed with the following output:
Change Dir: /home/mech-user/mechatro_ws/build/catkin_tools_prebuild/CMakeFiles/CMakeTmp

Run Build Command:"/usr/bin/make" "cmTC_7d036/fast"
/usr/bin/make -f CMakeFiles/cmTC_7d036.dir/build.make CMakeFiles/cmTC_7d036.dir/build
make[1]: ディレクトリ '/home/mech-user/mechatro_ws/build/catkin_tools_prebuild/CMakeFiles/CMakeTmp' に入ります
Building C object CMakeFiles/cmTC_7d036.dir/CheckFunctionExists.c.o
/usr/bin/cc   -DCHECK_FUNCTION_EXISTS=pthread_create   -o CMakeFiles/cmTC_7d036.dir/CheckFunctionExists.c.o   -c /usr/share/cmake-3.10/Modules/CheckFunctionExists.c
Linking C executable cmTC_7d036
/usr/bin/cmake -E cmake_link_script CMakeFiles/cmTC_7d036.dir/link.txt --verbose=1
/usr/bin/cc  -DCHECK_FUNCTION_EXISTS=pthread_create    -rdynamic CMakeFiles/cmTC_7d036.dir/CheckFunctionExists.c.o  -o cmTC_7d036 -lpthreads 
/usr/bin/ld: -lpthreads が見つかりません
collect2: error: ld returned 1 exit status
CMakeFiles/cmTC_7d036.dir/build.make:97: recipe for target 'cmTC_7d036' failed
make[1]: *** [cmTC_7d036] Error 1
make[1]: ディレクトリ '/home/mech-user/mechatro_ws/build/catkin_tools_prebuild/CMakeFiles/CMakeTmp' から出ます
Makefile:126: recipe for target 'cmTC_7d036/fast' failed
make: *** [cmTC_7d036/fast] Error 2


