Determining if the pthread_create exist failed with the following output:
Change Dir: /home/mech-user/mechatro_ws/build/chalk_robo/CMakeFiles/CMakeTmp

Run Build Command:"/usr/bin/make" "cmTC_c2099/fast"
/usr/bin/make -f CMakeFiles/cmTC_c2099.dir/build.make CMakeFiles/cmTC_c2099.dir/build
make[1]: ディレクトリ '/home/mech-user/mechatro_ws/build/chalk_robo/CMakeFiles/CMakeTmp' に入ります
Building C object CMakeFiles/cmTC_c2099.dir/CheckSymbolExists.c.o
/usr/bin/cc    -o CMakeFiles/cmTC_c2099.dir/CheckSymbolExists.c.o   -c /home/mech-user/mechatro_ws/build/chalk_robo/CMakeFiles/CMakeTmp/CheckSymbolExists.c
Linking C executable cmTC_c2099
/usr/bin/cmake -E cmake_link_script CMakeFiles/cmTC_c2099.dir/link.txt --verbose=1
/usr/bin/cc      -rdynamic CMakeFiles/cmTC_c2099.dir/CheckSymbolExists.c.o  -o cmTC_c2099 
CMakeFiles/cmTC_c2099.dir/CheckSymbolExists.c.o: 関数 `main' 内:
CheckSymbolExists.c:(.text+0x1b): `pthread_create' に対する定義されていない参照です
collect2: error: ld returned 1 exit status
CMakeFiles/cmTC_c2099.dir/build.make:97: recipe for target 'cmTC_c2099' failed
make[1]: *** [cmTC_c2099] Error 1
make[1]: ディレクトリ '/home/mech-user/mechatro_ws/build/chalk_robo/CMakeFiles/CMakeTmp' から出ます
Makefile:126: recipe for target 'cmTC_c2099/fast' failed
make: *** [cmTC_c2099/fast] Error 2

File /home/mech-user/mechatro_ws/build/chalk_robo/CMakeFiles/CMakeTmp/CheckSymbolExists.c:
/* */
#include <pthread.h>

int main(int argc, char** argv)
{
  (void)argv;
#ifndef pthread_create
  return ((int*)(&pthread_create))[argc];
#else
  (void)argc;
  return 0;
#endif
}

Determining if the function pthread_create exists in the pthreads failed with the following output:
Change Dir: /home/mech-user/mechatro_ws/build/chalk_robo/CMakeFiles/CMakeTmp

Run Build Command:"/usr/bin/make" "cmTC_6802a/fast"
/usr/bin/make -f CMakeFiles/cmTC_6802a.dir/build.make CMakeFiles/cmTC_6802a.dir/build
make[1]: ディレクトリ '/home/mech-user/mechatro_ws/build/chalk_robo/CMakeFiles/CMakeTmp' に入ります
Building C object CMakeFiles/cmTC_6802a.dir/CheckFunctionExists.c.o
/usr/bin/cc   -DCHECK_FUNCTION_EXISTS=pthread_create   -o CMakeFiles/cmTC_6802a.dir/CheckFunctionExists.c.o   -c /usr/share/cmake-3.10/Modules/CheckFunctionExists.c
Linking C executable cmTC_6802a
/usr/bin/cmake -E cmake_link_script CMakeFiles/cmTC_6802a.dir/link.txt --verbose=1
/usr/bin/cc  -DCHECK_FUNCTION_EXISTS=pthread_create    -rdynamic CMakeFiles/cmTC_6802a.dir/CheckFunctionExists.c.o  -o cmTC_6802a -lpthreads 
/usr/bin/ld: -lpthreads が見つかりません
collect2: error: ld returned 1 exit status
CMakeFiles/cmTC_6802a.dir/build.make:97: recipe for target 'cmTC_6802a' failed
make[1]: *** [cmTC_6802a] Error 1
make[1]: ディレクトリ '/home/mech-user/mechatro_ws/build/chalk_robo/CMakeFiles/CMakeTmp' から出ます
Makefile:126: recipe for target 'cmTC_6802a/fast' failed
make: *** [cmTC_6802a/fast] Error 2


